2017-04-22 16:27:11,786 [INFO] from application in ForkJoinPool-1-worker-1 - Creating Pool for datasource 'default'
2017-04-22 16:27:11,864 [INFO] from play.api.db.DefaultDBApi in ForkJoinPool-1-worker-1 - Database [default] connected at jdbc:h2:file:./data/ProjectDB
2017-04-22 16:27:13,687 [INFO] from application in ForkJoinPool-1-worker-1 - ApplicationTimer demo: Starting application at 2017-04-22T15:27:13.685Z
2017-04-22 16:27:15,642 [INFO] from play.api.Play in ForkJoinPool-1-worker-1 - Application started (Dev)
2017-04-22 16:32:44,033 [INFO] from application in application-akka.actor.default-dispatcher-35 - ApplicationTimer demo: Stopping application at 2017-04-22T15:32:44.033Z after 331s.
2017-04-22 16:32:44,036 [INFO] from application in application-akka.actor.default-dispatcher-35 - Shutting down connection pool.
2017-04-22 16:32:44,169 [INFO] from application in application-akka.actor.default-dispatcher-35 - Creating Pool for datasource 'default'
2017-04-22 16:32:44,172 [INFO] from play.api.db.DefaultDBApi in application-akka.actor.default-dispatcher-35 - Database [default] connected at jdbc:h2:file:./data/ProjectDB
2017-04-22 16:32:44,219 [INFO] from application in application-akka.actor.default-dispatcher-35 - ApplicationTimer demo: Starting application at 2017-04-22T15:32:44.218Z
2017-04-22 16:32:44,320 [INFO] from play.api.Play in application-akka.actor.default-dispatcher-35 - Application started (Dev)
2017-04-22 16:34:00,116 [INFO] from application in application-akka.actor.default-dispatcher-5 - ApplicationTimer demo: Stopping application at 2017-04-22T15:34:00.116Z after 76s.
2017-04-22 16:34:00,116 [INFO] from application in application-akka.actor.default-dispatcher-5 - Shutting down connection pool.
2017-04-22 16:34:00,218 [INFO] from application in application-akka.actor.default-dispatcher-5 - Creating Pool for datasource 'default'
2017-04-22 16:34:00,221 [INFO] from play.api.db.DefaultDBApi in application-akka.actor.default-dispatcher-5 - Database [default] connected at jdbc:h2:file:./data/ProjectDB
2017-04-22 16:34:00,272 [INFO] from application in application-akka.actor.default-dispatcher-5 - ApplicationTimer demo: Starting application at 2017-04-22T15:34:00.272Z
2017-04-22 16:34:00,360 [INFO] from play.api.Play in application-akka.actor.default-dispatcher-5 - Application started (Dev)
2017-04-22 16:35:03,808 [INFO] from application in application-akka.actor.default-dispatcher-6 - ApplicationTimer demo: Stopping application at 2017-04-22T15:35:03.808Z after 63s.
2017-04-22 16:35:03,809 [INFO] from application in application-akka.actor.default-dispatcher-6 - Shutting down connection pool.
2017-04-22 16:35:03,911 [INFO] from application in application-akka.actor.default-dispatcher-6 - Creating Pool for datasource 'default'
2017-04-22 16:35:03,916 [INFO] from play.api.db.DefaultDBApi in application-akka.actor.default-dispatcher-6 - Database [default] connected at jdbc:h2:file:./data/ProjectDB
2017-04-22 16:35:03,968 [INFO] from application in application-akka.actor.default-dispatcher-6 - ApplicationTimer demo: Starting application at 2017-04-22T15:35:03.968Z
2017-04-22 16:35:04,045 [INFO] from play.api.Play in application-akka.actor.default-dispatcher-6 - Application started (Dev)
2017-04-22 16:41:52,014 [ERROR] from application in netty-event-loop-14 - 

! @73mga0fgm - Internal server error, for (GET) [/updateThreeDayLoan/1] ->
 
play.sbt.PlayExceptions$CompilationException: Compilation error[cannot find symbol
  symbol:   variable increaseStock
  location: class controllers.HomeController]
	at play.sbt.PlayExceptions$CompilationException$.apply(PlayExceptions.scala:27)
	at play.sbt.PlayExceptions$CompilationException$.apply(PlayExceptions.scala:27)
	at scala.Option.map(Option.scala:145)
	at play.sbt.run.PlayReload$$anonfun$taskFailureHandler$1.apply(PlayReload.scala:49)
	at play.sbt.run.PlayReload$$anonfun$taskFailureHandler$1.apply(PlayReload.scala:44)
	at scala.Option.map(Option.scala:145)
	at play.sbt.run.PlayReload$.taskFailureHandler(PlayReload.scala:44)
	at play.sbt.run.PlayReload$.compileFailure(PlayReload.scala:40)
	at play.sbt.run.PlayReload$$anonfun$compile$1.apply(PlayReload.scala:17)
	at play.sbt.run.PlayReload$$anonfun$compile$1.apply(PlayReload.scala:17)
	at scala.util.Either$LeftProjection.map(Either.scala:377)
	at play.sbt.run.PlayReload$.compile(PlayReload.scala:17)
	at play.sbt.run.PlayRun$$anonfun$playRunTask$1$$anonfun$apply$2$$anonfun$apply$3$$anonfun$2.apply(PlayRun.scala:61)
	at play.sbt.run.PlayRun$$anonfun$playRunTask$1$$anonfun$apply$2$$anonfun$apply$3$$anonfun$2.apply(PlayRun.scala:61)
	at play.runsupport.Reloader$$anonfun$reload$1.apply(Reloader.scala:339)
	at play.runsupport.Reloader$$anon$3.run(Reloader.scala:44)
	at java.security.AccessController.doPrivileged(Native Method)
	at play.runsupport.Reloader$.play$runsupport$Reloader$$withReloaderContextClassLoader(Reloader.scala:40)
	at play.runsupport.Reloader.reload(Reloader.scala:337)
	at play.core.server.DevServerStart$$anonfun$mainDev$1$$anon$1$$anonfun$get$1.apply(DevServerStart.scala:123)
	at play.core.server.DevServerStart$$anonfun$mainDev$1$$anon$1$$anonfun$get$1.apply(DevServerStart.scala:121)
	at scala.concurrent.impl.Future$PromiseCompletingRunnable.liftedTree1$1(Future.scala:24)
	at scala.concurrent.impl.Future$PromiseCompletingRunnable.run(Future.scala:24)
	at akka.dispatch.TaskInvocation.run(AbstractDispatcher.scala:39)
	at akka.dispatch.ForkJoinExecutorConfigurator$AkkaForkJoinTask.exec(AbstractDispatcher.scala:409)
	at scala.concurrent.forkjoin.ForkJoinTask.doExec(ForkJoinTask.java:260)
	at scala.concurrent.forkjoin.ForkJoinPool$WorkQueue.runTask(ForkJoinPool.java:1339)
	at scala.concurrent.forkjoin.ForkJoinPool.runWorker(ForkJoinPool.java:1979)
	at scala.concurrent.forkjoin.ForkJoinWorkerThread.run(ForkJoinWorkerThread.java:107)
2017-04-22 16:42:24,149 [ERROR] from application in netty-event-loop-14 - 

! @73mga2b5n - Internal server error, for (GET) [/updateThreeDayLoan/1] ->
 
play.sbt.PlayExceptions$CompilationException: Compilation error[cannot find symbol
  symbol:   variable increaseStock
  location: class controllers.HomeController]
	at play.sbt.PlayExceptions$CompilationException$.apply(PlayExceptions.scala:27)
	at play.sbt.PlayExceptions$CompilationException$.apply(PlayExceptions.scala:27)
	at scala.Option.map(Option.scala:145)
	at play.sbt.run.PlayReload$$anonfun$taskFailureHandler$1.apply(PlayReload.scala:49)
	at play.sbt.run.PlayReload$$anonfun$taskFailureHandler$1.apply(PlayReload.scala:44)
	at scala.Option.map(Option.scala:145)
	at play.sbt.run.PlayReload$.taskFailureHandler(PlayReload.scala:44)
	at play.sbt.run.PlayReload$.compileFailure(PlayReload.scala:40)
	at play.sbt.run.PlayReload$$anonfun$compile$1.apply(PlayReload.scala:17)
	at play.sbt.run.PlayReload$$anonfun$compile$1.apply(PlayReload.scala:17)
	at scala.util.Either$LeftProjection.map(Either.scala:377)
	at play.sbt.run.PlayReload$.compile(PlayReload.scala:17)
	at play.sbt.run.PlayRun$$anonfun$playRunTask$1$$anonfun$apply$2$$anonfun$apply$3$$anonfun$2.apply(PlayRun.scala:61)
	at play.sbt.run.PlayRun$$anonfun$playRunTask$1$$anonfun$apply$2$$anonfun$apply$3$$anonfun$2.apply(PlayRun.scala:61)
	at play.runsupport.Reloader$$anonfun$reload$1.apply(Reloader.scala:339)
	at play.runsupport.Reloader$$anon$3.run(Reloader.scala:44)
	at java.security.AccessController.doPrivileged(Native Method)
	at play.runsupport.Reloader$.play$runsupport$Reloader$$withReloaderContextClassLoader(Reloader.scala:40)
	at play.runsupport.Reloader.reload(Reloader.scala:337)
	at play.core.server.DevServerStart$$anonfun$mainDev$1$$anon$1$$anonfun$get$1.apply(DevServerStart.scala:123)
	at play.core.server.DevServerStart$$anonfun$mainDev$1$$anon$1$$anonfun$get$1.apply(DevServerStart.scala:121)
	at scala.concurrent.impl.Future$PromiseCompletingRunnable.liftedTree1$1(Future.scala:24)
	at scala.concurrent.impl.Future$PromiseCompletingRunnable.run(Future.scala:24)
	at akka.dispatch.TaskInvocation.run(AbstractDispatcher.scala:39)
	at akka.dispatch.ForkJoinExecutorConfigurator$AkkaForkJoinTask.exec(AbstractDispatcher.scala:409)
	at scala.concurrent.forkjoin.ForkJoinTask.doExec(ForkJoinTask.java:260)
	at scala.concurrent.forkjoin.ForkJoinPool$WorkQueue.runTask(ForkJoinPool.java:1339)
	at scala.concurrent.forkjoin.ForkJoinPool.runWorker(ForkJoinPool.java:1979)
	at scala.concurrent.forkjoin.ForkJoinWorkerThread.run(ForkJoinWorkerThread.java:107)
2017-04-22 16:42:30,366 [INFO] from application in application-akka.actor.default-dispatcher-6 - ApplicationTimer demo: Stopping application at 2017-04-22T15:42:30.366Z after 447s.
2017-04-22 16:42:30,367 [INFO] from application in application-akka.actor.default-dispatcher-6 - Shutting down connection pool.
2017-04-22 16:42:30,474 [INFO] from application in application-akka.actor.default-dispatcher-6 - Creating Pool for datasource 'default'
2017-04-22 16:42:30,476 [INFO] from play.api.db.DefaultDBApi in application-akka.actor.default-dispatcher-6 - Database [default] connected at jdbc:h2:file:./data/ProjectDB
2017-04-22 16:42:30,516 [INFO] from application in application-akka.actor.default-dispatcher-6 - ApplicationTimer demo: Starting application at 2017-04-22T15:42:30.515Z
2017-04-22 16:42:30,578 [INFO] from play.api.Play in application-akka.actor.default-dispatcher-6 - Application started (Dev)
2017-04-22 16:55:56,343 [INFO] from application in application-akka.actor.default-dispatcher-63 - ApplicationTimer demo: Stopping application at 2017-04-22T15:55:56.343Z after 806s.
2017-04-22 16:55:56,343 [INFO] from application in application-akka.actor.default-dispatcher-63 - Shutting down connection pool.
2017-04-22 16:55:56,443 [INFO] from application in application-akka.actor.default-dispatcher-63 - Creating Pool for datasource 'default'
2017-04-22 16:55:56,445 [INFO] from play.api.db.DefaultDBApi in application-akka.actor.default-dispatcher-63 - Database [default] connected at jdbc:h2:file:./data/ProjectDB
2017-04-22 16:55:56,486 [INFO] from application in application-akka.actor.default-dispatcher-63 - ApplicationTimer demo: Starting application at 2017-04-22T15:55:56.486Z
2017-04-22 16:55:56,556 [INFO] from play.api.Play in application-akka.actor.default-dispatcher-63 - Application started (Dev)
2017-04-22 16:58:36,359 [INFO] from application in application-akka.actor.default-dispatcher-3 - ApplicationTimer demo: Stopping application at 2017-04-22T15:58:36.359Z after 160s.
2017-04-22 16:58:36,360 [INFO] from application in application-akka.actor.default-dispatcher-3 - Shutting down connection pool.
2017-04-22 16:58:36,442 [INFO] from application in application-akka.actor.default-dispatcher-3 - Creating Pool for datasource 'default'
2017-04-22 16:58:36,444 [INFO] from play.api.db.DefaultDBApi in application-akka.actor.default-dispatcher-3 - Database [default] connected at jdbc:h2:file:./data/ProjectDB
2017-04-22 16:58:36,489 [INFO] from application in application-akka.actor.default-dispatcher-3 - ApplicationTimer demo: Starting application at 2017-04-22T15:58:36.489Z
2017-04-22 16:58:36,550 [INFO] from play.api.Play in application-akka.actor.default-dispatcher-3 - Application started (Dev)
2017-04-22 17:00:36,455 [INFO] from application in application-akka.actor.default-dispatcher-23 - ApplicationTimer demo: Stopping application at 2017-04-22T16:00:36.454Z after 120s.
2017-04-22 17:00:36,455 [INFO] from application in application-akka.actor.default-dispatcher-23 - Shutting down connection pool.
2017-04-22 17:00:36,543 [INFO] from application in application-akka.actor.default-dispatcher-23 - Creating Pool for datasource 'default'
2017-04-22 17:00:36,548 [INFO] from play.api.db.DefaultDBApi in application-akka.actor.default-dispatcher-23 - Database [default] connected at jdbc:h2:file:./data/ProjectDB
2017-04-22 17:00:36,583 [INFO] from application in application-akka.actor.default-dispatcher-23 - ApplicationTimer demo: Starting application at 2017-04-22T16:00:36.583Z
2017-04-22 17:00:36,642 [INFO] from play.api.Play in application-akka.actor.default-dispatcher-23 - Application started (Dev)
2017-04-22 17:02:17,056 [INFO] from application in application-akka.actor.default-dispatcher-11 - ApplicationTimer demo: Stopping application at 2017-04-22T16:02:17.056Z after 101s.
2017-04-22 17:02:17,057 [INFO] from application in application-akka.actor.default-dispatcher-11 - Shutting down connection pool.
2017-04-22 17:02:17,132 [INFO] from application in application-akka.actor.default-dispatcher-11 - Creating Pool for datasource 'default'
2017-04-22 17:02:17,134 [INFO] from play.api.db.DefaultDBApi in application-akka.actor.default-dispatcher-11 - Database [default] connected at jdbc:h2:file:./data/ProjectDB
2017-04-22 17:02:17,173 [INFO] from application in application-akka.actor.default-dispatcher-11 - ApplicationTimer demo: Starting application at 2017-04-22T16:02:17.173Z
2017-04-22 17:02:17,229 [INFO] from play.api.Play in application-akka.actor.default-dispatcher-11 - Application started (Dev)
